rm -f .output
python /home/aila/clawpack_src/src/clawpack/clawutil/src/python/clawutil/runclaw.py xgeoclaw                  _output                \
True False . False False None 
Reading data file: claw.data
         first 5 lines are comments and will be skipped
Reading data file: amr.data
         first 5 lines are comments and will be skipped
  
 Running amrclaw ...  
  
Reading data file: geoclaw.data
         first 5 lines are comments and will be skipped
Reading data file: refinement.data
         first 5 lines are comments and will be skipped
Reading data file: dtopo.data
         first 5 lines are comments and will be skipped
Reading data file: topo.data
         first 5 lines are comments and will be skipped
 *** in file: /home/aila/clawpack_src/sulawesi_source_filter/geoclaw_driver/DataFiles/etopo1_-130_-124_38_45_1min.asc
     Shifting xllcorner by 0.5*dx to cell center
 *** in file: /home/aila/clawpack_src/sulawesi_source_filter/geoclaw_driver/DataFiles/etopo1_-130_-124_38_45_1min.asc
     Shifting yllcorner by 0.5*dy to cell center
  
 Reading topography file  /home/aila/clawpack_src/sulawesi_source_filter/geoclaw_driver/DataFiles/etopo1_-130_-124_38_45_1min.asc                                               
  
 Reading topography file  /home/aila/clawpack_src/sulawesi_source_filter/geoclaw_driver/DataFiles/cc-1sec.asc                                                                   
Reading data file: qinit.data
         first 5 lines are comments and will be skipped
   qinit_type = 0, no perturbation
Reading data file: fgout_grids.data
         first 5 lines are comments and will be skipped
Reading data file: friction.data
         first 5 lines are comments and will be skipped
Reading data file: multilayer.data
         first 5 lines are comments and will be skipped
Reading data file: surge.data
         first 5 lines are comments and will be skipped
Reading data file: regions.data
         first 5 lines are comments and will be skipped
Reading data file: flagregions.data
         first 5 lines are comments and will be skipped
Reading data file: gauges.data
         first 5 lines are comments and will be skipped
Reading data file: fgmax_grids.data
         first 5 lines are comments and will be skipped
 +++ fgbb:   -124.21200000000000       -124.18600000000001        41.734999999999999        41.766199999999998     
 +++ fgll:    0.0000000000000000        0.0000000000000000                0           0
 +++ fg%x(npts), fg%y(1):   -124.21200000000000        41.734999999999999     
 +++ fgbb:   -124.20500000000000       -124.17900000000000        41.734999999999999        41.766199999999998     
 +++ fgll:    0.0000000000000000        0.0000000000000000                0           0
 +++ fg%x(npts), fg%y(1):   -124.20500000000000        41.734999999999999     
 +++ fgbb:   -124.21402778000000       -124.18986111000000        41.744861110999999        41.766249999999999     
 +++ fgll:   -124.21402778000000        41.744861110999999               88          78
 +++ fg%x(npts), fg%y(1):   -124.18986111000000        41.744861110999999     
Reading data file: adjoint.data
         first 5 lines are comments and will be skipped
 rnode allocated...
 node allocated...
 listOfGrids allocated...
 Storage allocated...
 bndList allocated...
Gridding level   1 at t =  0.000000E+00:     1 grids with          24 cells
   Setting initial dt to    1.0000000000000000     
  max threads set to           16
  
 Done reading data, starting computation ...  
  
 Total mass at initial time:    484888349497120.62     
GEOCLAW: Frame    1 output files done at time t =  0.200000D+01

  require       4998 words - either none left or not big  enough space
 free list: 

           0             0
       39154           249
       75319            66
      189853           102
      196591           198
      315659            24
      444848          3795
      484643            99
      850028           888
     4193976           328
     4194305             0

 Expanding storage from      4194303  to      8388606
  require       5304 words - either none left or not big  enough space
 free list: 

           0             0
       17929          3912
       33673          2280
       38131           288
      157195           720
      194824          1965
      268765          1387
      308450          1032
      337499          4284
      478463           996
      505393          1575
      827929             7
     1373252          2721
     1613633          3303
     1840274          3300
     3986186          1953
     5756561          2280
     8383406          5201
     8388608             0

 Expanding storage from      8388606  to     16777212
  require       7938 words - either none left or not big  enough space
 free list: 

           0             0
       21829            12
       35941            12
       38383            36
      150787          6408
      157879            36
      191956          2868
      196768            21
      270025           127
      309458            24
      335144          2355
      341723            60
      479363            96
      503038          2355
      506833           135
      823372          4564
     1372760           492
     1375952            21
     1616873            63
     1843514            60
     5689166            75
     6064661          4473
     6206288          1546
     6771726          3743
     9683669           129
    16771904          5309
    16777214             0

 Expanding storage from     16777212  to     33554424
  require       5808 words - either none left or not big  enough space
 free list: 

           0             0
       21829            12
       35941            12
       38383            36
      155275          1920
      157879            36
      191956          2868
      196768            21
      270025           127
      309458            24
      335144          2355
      341723            60
      479363            96
      503038          2355
      506833           135
      827860            76
     1372760           492
     1375952            21
     1616873            63
     1843514            60
     5689166            75
     6068639           495
     6206288          1546
     6775194           275
     9683669           129
    33553412          1013
    33554426             0

 Expanding storage from     33554424  to     67108848
  require       5148 words - either none left or not big  enough space
 free list: 

           0             0
       21829            12
       35941            12
       38383            36
      155275          1920
      157879            36
      191956          2868
      196768            21
      270025           127
      309458            24
      335144          2355
      341723            60
      479363            96
      503038          2355
      506833           135
      827860            76
     1372760           492
     1375952            21
     1616873            63
     1843514            60
     5689166            75
     6068639           495
     6206288          1546
     6775194           275
     9683669           129
    67106282          2567
    67108850             0

 Expanding storage from     67108848  to    134217696
 out of nodal space - allowed    10000 grids
    level    1 has       1 grids
    level    2 has       1 grids
    level    3 has       8 grids
    level    4 has     480 grids
    level    5 has    5673 grids
    level    6 has     264 grids
  Could need twice as many grids as on any given
  level if regridding/birecting
 Expanding maximum number of grids from        10000  to        20000
 out of nodal space - allowed    20000 grids
    level    1 has       1 grids
    level    2 has       1 grids
    level    3 has       8 grids
    level    4 has     480 grids
    level    5 has    5673 grids
    level    6 has     264 grids
  Could need twice as many grids as on any given
  level if regridding/birecting
 Expanding maximum number of grids from        20000  to        30000
 out of nodal space - allowed    30000 grids
    level    1 has       1 grids
    level    2 has       1 grids
    level    3 has       8 grids
    level    4 has     480 grids
    level    5 has    5673 grids
    level    6 has     264 grids
  Could need twice as many grids as on any given
  level if regridding/birecting
 Expanding maximum number of grids from        30000  to        40000
 out of nodal space - allowed    40000 grids
    level    1 has       1 grids
    level    2 has       1 grids
    level    3 has       8 grids
    level    4 has     480 grids
    level    5 has    5673 grids
    level    6 has     264 grids
  Could need twice as many grids as on any given
  level if regridding/birecting
 Expanding maximum number of grids from        40000  to        50000
 out of nodal space - allowed    50000 grids
    level    1 has       1 grids
    level    2 has       1 grids
    level    3 has       8 grids
    level    4 has     480 grids
    level    5 has    5673 grids
    level    6 has     264 grids
  Could need twice as many grids as on any given
  level if regridding/birecting
 Expanding maximum number of grids from        50000  to        60000
  require       4773 words - either none left or not big  enough space
 free list: 

           0             0
       17923             6
       21829            12
       35941            12
       38383            36
      156985           210
      157879            36
      194692           132
      196768            21
      270025           127
      309458            24
      337484            15
      341723            60
      479363            96
      505378            15
      506833           135
      827860            76
     1373102           150
     1375952            21
     1616873            63
     1840100           174
     1843514            60
     5689166            75
     6068981           153
     6771530           196
     6775464             5
     7515281           126
    11837537            99
   134214994          2703
   134217698             0

 Expanding storage from    134217696  to    268435392
  require       5916 words - either none left or not big  enough space
 free list: 

           0             0
       17923             6
       21829            12
       35941            12
       38383            36
      156985           210
      157879            36
      194692           132
      196768            21
      270025           127
      309458            24
      337484            15
      341723            60
      479363            96
      505378            15
      506833           135
      827860            76
     1373102           150
     1375952            21
     1616873            63
     1840100           174
     1843514            60
     5689166            75
     6068981           153
     6771530           196
     6775464             5
     7515281           126
    11837537            99
   268430164          5229
   268435394             0

 Expanding storage from    268435392  to    536870784
  require       3162 words - either none left or not big  enough space
 free list: 

           0             0
       17923             6
       21829            12
       35941            12
       38383            36
      156985           210
      157879            36
      194692           132
      196768            21
      270025           127
      309458            24
      337484            15
      341723            60
      479363            96
      505378            15
      506833           135
      827860            76
     1373102           150
     1375952            21
     1616873            63
     1840100           174
     1843514            60
     5689166            75
     6068981           153
     6771530           196
     6775464             5
     7515281           126
    11837537            99
   536868382          2403
   536870786             0

 Expanding storage from    536870784  to   1073741568
 out of bndry space - allowed 80000 bndry grids
 There are    59419 total grids    124359 bndry nbors average num/grid      2.093
 Expanding size of boundary list from        80000  to       120000
 out of bndry space - allowed ***** bndry grids
 There are    59419 total grids    149551 bndry nbors average num/grid      2.517
 Expanding size of boundary list from       120000  to       180000
==> runclaw: Will take data from  /home/aila/clawpack_src/sulawesi_source_filter/geoclaw_output/fine_9.0/run_41
==> runclaw: Will write output to  /home/aila/clawpack_src/sulawesi_source_filter/geoclaw_output/fine_9.0/run_41/_output
==> runclaw: Removing all old fort/gauge files in  /home/aila/clawpack_src/sulawesi_source_filter/geoclaw_output/fine_9.0/run_41/_output

==> Running with command:
    /home/aila/clawpack_src/sulawesi_source_filter/geoclaw_output/fine_9.0/run_41/xgeoclaw
rm -f .output
python /home/aila/clawpack_src/src/clawpack/clawutil/src/python/clawutil/runclaw.py xgeoclaw                  _output                \
True False . False False None 
==> runclaw: Will take data from  /home/aila/clawpack_src/sulawesi_source_filter/geoclaw_output/fine_9.0/run_41
==> runclaw: Will write output to  /home/aila/clawpack_src/sulawesi_source_filter/geoclaw_output/fine_9.0/run_41/_output
==> runclaw: Removing all old fort/gauge files in  /home/aila/clawpack_src/sulawesi_source_filter/geoclaw_output/fine_9.0/run_41/_output

==> Running with command:
    /home/aila/clawpack_src/sulawesi_source_filter/geoclaw_output/fine_9.0/run_41/xgeoclaw
