rm -f .output
python /home/aila/clawpack_src/src/clawpack/clawutil/src/python/clawutil/runclaw.py xgeoclaw                  _output                \
True False . False False None 
Reading data file: claw.data
         first 5 lines are comments and will be skipped
Reading data file: amr.data
         first 5 lines are comments and will be skipped
  
 Running amrclaw ...  
  
Reading data file: geoclaw.data
         first 5 lines are comments and will be skipped
Reading data file: refinement.data
         first 5 lines are comments and will be skipped
Reading data file: dtopo.data
         first 5 lines are comments and will be skipped
Reading data file: topo.data
         first 5 lines are comments and will be skipped
 *** in file: /home/aila/clawpack_src/sulawesi_source_filter/geoclaw_driver/DataFiles/etopo1_-130_-124_38_45_1min.asc
     Shifting xllcorner by 0.5*dx to cell center
 *** in file: /home/aila/clawpack_src/sulawesi_source_filter/geoclaw_driver/DataFiles/etopo1_-130_-124_38_45_1min.asc
     Shifting yllcorner by 0.5*dy to cell center
  
 Reading topography file  /home/aila/clawpack_src/sulawesi_source_filter/geoclaw_driver/DataFiles/etopo1_-130_-124_38_45_1min.asc                                               
  
 Reading topography file  /home/aila/clawpack_src/sulawesi_source_filter/geoclaw_driver/DataFiles/cc-1sec.asc                                                                   
Reading data file: qinit.data
         first 5 lines are comments and will be skipped
   qinit_type = 0, no perturbation
Reading data file: fgout_grids.data
         first 5 lines are comments and will be skipped
Reading data file: friction.data
         first 5 lines are comments and will be skipped
Reading data file: multilayer.data
         first 5 lines are comments and will be skipped
Reading data file: surge.data
         first 5 lines are comments and will be skipped
Reading data file: regions.data
         first 5 lines are comments and will be skipped
Reading data file: flagregions.data
         first 5 lines are comments and will be skipped
Reading data file: gauges.data
         first 5 lines are comments and will be skipped
Reading data file: fgmax_grids.data
         first 5 lines are comments and will be skipped
 +++ fgbb:   -124.21200000000000       -124.18600000000001        41.734999999999999        41.766199999999998     
 +++ fgll:    0.0000000000000000        0.0000000000000000                0           0
 +++ fg%x(npts), fg%y(1):   -124.21200000000000        41.734999999999999     
 +++ fgbb:   -124.20500000000000       -124.17900000000000        41.734999999999999        41.766199999999998     
 +++ fgll:    0.0000000000000000        0.0000000000000000                0           0
 +++ fg%x(npts), fg%y(1):   -124.20500000000000        41.734999999999999     
 +++ fgbb:   -124.21402778000000       -124.18986111000000        41.744861110999999        41.766249999999999     
 +++ fgll:   -124.21402778000000        41.744861110999999               88          78
 +++ fg%x(npts), fg%y(1):   -124.18986111000000        41.744861110999999     
Reading data file: adjoint.data
         first 5 lines are comments and will be skipped
 rnode allocated...
 node allocated...
 listOfGrids allocated...
 Storage allocated...
 bndList allocated...
Gridding level   1 at t =  0.000000E+00:     1 grids with          24 cells
   Setting initial dt to    1.0000000000000000     
  max threads set to           16
  
 Done reading data, starting computation ...  
  
 Total mass at initial time:    484888349497120.62     
GEOCLAW: Frame    1 output files done at time t =  0.200000D+01

  require       4998 words - either none left or not big  enough space
 free list: 

           0             0
       39154           249
       75319            66
      189853           102
      196591           198
      315659            24
      440291          1392
      482627            75
      851525          3291
     4192394          1910
     4194305             0

 Expanding storage from      4194303  to      8388606
  require       5304 words - either none left or not big  enough space
 free list: 

           0             0
       17929          3912
       33673          2280
       38401            18
      157195           720
      195148          1641
      268030          2122
      341534           168
      504800          1542
     1370546          3072
     1613726          1602
     1837856          1692
     3987464          3405
     5747519          2256
     8385527          3080
     8388608             0

 Expanding storage from      8388606  to     16777212
  require       7128 words - either none left or not big  enough space
 free list: 

           0             0
       21829            12
       35941            12
       38401            18
      150787          6408
      157879            36
      192280          2868
      196660           129
      270046           106
      341090           612
      502004          2796
      506312            30
     1365938          4608
     1373570            48
     1615274            54
     1839476            72
     5687096            39
     6045215          4473
     6190562          1466
     6770914           325
     9637079          2040
    16772747          4466
    16777214             0

 Expanding storage from     16777212  to     33554424
  require       5148 words - either none left or not big  enough space
 free list: 

           0             0
       21829            12
       35941            12
       38401            18
      155275          1920
      157879            36
      192280          2868
      196660           129
      270046           106
      341090           612
      502004          2796
      506312            30
     1370426           120
     1373570            48
     1615274            54
     1839476            72
     5687096            39
     6049193           495
     6190562          1466
     6770914           325
     9637079          2040
    33549341          5084
    33554426             0

 Expanding storage from     33554424  to     67108848
  require       5148 words - either none left or not big  enough space
 free list: 

           0             0
       21829            12
       35941            12
       38401            18
      155275          1920
      157879            36
      192280          2868
      196660           129
      270046           106
      341090           612
      502004          2796
      506312            30
     1370426           120
     1373570            48
     1615274            54
     1839476            72
     5687096            39
     6049193           495
     6190562          1466
     6770914           325
     9637079          2040
    67108019           830
    67108850             0

 Expanding storage from     67108848  to    134217696
 out of nodal space - allowed    10000 grids
    level    1 has       1 grids
    level    2 has       1 grids
    level    3 has       8 grids
    level    4 has     464 grids
    level    5 has    5673 grids
    level    6 has     264 grids
  Could need twice as many grids as on any given
  level if regridding/birecting
 Expanding maximum number of grids from        10000  to        20000
 out of nodal space - allowed    20000 grids
    level    1 has       1 grids
    level    2 has       1 grids
    level    3 has       8 grids
    level    4 has     464 grids
    level    5 has    5673 grids
    level    6 has     264 grids
  Could need twice as many grids as on any given
  level if regridding/birecting
 Expanding maximum number of grids from        20000  to        30000
 out of nodal space - allowed    30000 grids
    level    1 has       1 grids
    level    2 has       1 grids
    level    3 has       8 grids
    level    4 has     464 grids
    level    5 has    5673 grids
    level    6 has     264 grids
  Could need twice as many grids as on any given
  level if regridding/birecting
 Expanding maximum number of grids from        30000  to        40000
 out of nodal space - allowed    40000 grids
    level    1 has       1 grids
    level    2 has       1 grids
    level    3 has       8 grids
    level    4 has     464 grids
    level    5 has    5673 grids
    level    6 has     264 grids
  Could need twice as many grids as on any given
==> runclaw: Will take data from  /home/aila/clawpack_src/sulawesi_source_filter/geoclaw_output/fine_8.6/run_35
==> runclaw: Will write output to  /home/aila/clawpack_src/sulawesi_source_filter/geoclaw_output/fine_8.6/run_35/_output
==> runclaw: Removing all old fort/gauge files in  /home/aila/clawpack_src/sulawesi_source_filter/geoclaw_output/fine_8.6/run_35/_output

==> Running with command:
    /home/aila/clawpack_src/sulawesi_source_filter/geoclaw_output/fine_8.6/run_35/xgeoclaw
rm -f .output
python /home/aila/clawpack_src/src/clawpack/clawutil/src/python/clawutil/runclaw.py xgeoclaw                  _output                \
True False . False False None 
Reading data file: claw.data
         first 5 lines are comments and will be skipped
Reading data file: amr.data
         first 5 lines are comments and will be skipped
  
 Running amrclaw ...  
  
Reading data file: geoclaw.data
         first 5 lines are comments and will be skipped
Reading data file: refinement.data
         first 5 lines are comments and will be skipped
Reading data file: dtopo.data
         first 5 lines are comments and will be skipped
Reading data file: topo.data
         first 5 lines are comments and will be skipped
 *** in file: /home/aila/clawpack_src/sulawesi_source_filter/geoclaw_driver/DataFiles/etopo1_-130_-124_38_45_1min.asc
     Shifting xllcorner by 0.5*dx to cell center
 *** in file: /home/aila/clawpack_src/sulawesi_source_filter/geoclaw_driver/DataFiles/etopo1_-130_-124_38_45_1min.asc
     Shifting yllcorner by 0.5*dy to cell center
  
 Reading topography file  /home/aila/clawpack_src/sulawesi_source_filter/geoclaw_driver/DataFiles/etopo1_-130_-124_38_45_1min.asc                                               
  
 Reading topography file  /home/aila/clawpack_src/sulawesi_source_filter/geoclaw_driver/DataFiles/cc-1sec.asc                                                                   
Reading data file: qinit.data
         first 5 lines are comments and will be skipped
   qinit_type = 0, no perturbation
Reading data file: fgout_grids.data
         first 5 lines are comments and will be skipped
Reading data file: friction.data
         first 5 lines are comments and will be skipped
Reading data file: multilayer.data
         first 5 lines are comments and will be skipped
Reading data file: surge.data
         first 5 lines are comments and will be skipped
Reading data file: regions.data
         first 5 lines are comments and will be skipped
Reading data file: flagregions.data
         first 5 lines are comments and will be skipped
Reading data file: gauges.data
         first 5 lines are comments and will be skipped
Reading data file: fgmax_grids.data
         first 5 lines are comments and will be skipped
 +++ fgbb:   -124.21200000000000       -124.18600000000001        41.734999999999999        41.766199999999998     
 +++ fgll:    0.0000000000000000        0.0000000000000000                0           0
 +++ fg%x(npts), fg%y(1):   -124.21200000000000        41.734999999999999     
 +++ fgbb:   -124.20500000000000       -124.17900000000000        41.734999999999999        41.766199999999998     
 +++ fgll:    0.0000000000000000        0.0000000000000000                0           0
 +++ fg%x(npts), fg%y(1):   -124.20500000000000        41.734999999999999     
 +++ fgbb:   -124.21402778000000       -124.18986111000000        41.744861110999999        41.766249999999999     
 +++ fgll:   -124.21402778000000        41.744861110999999               88          78
 +++ fg%x(npts), fg%y(1):   -124.18986111000000        41.744861110999999     
Reading data file: adjoint.data
         first 5 lines are comments and will be skipped
 rnode allocated...
 node allocated...
 listOfGrids allocated...
 Storage allocated...
 bndList allocated...
Gridding level   1 at t =  0.000000E+00:     1 grids with          24 cells
   Setting initial dt to    1.0000000000000000     
  max threads set to           16
  
 Done reading data, starting computation ...  
  
 Total mass at initial time:    484888349497120.62     
GEOCLAW: Frame    1 output files done at time t =  0.200000D+01

  require       4998 words - either none left or not big  enough space
 free list: 

           0             0
       39154           249
       75319            66
      189853           102
      196591           198
      315659            24
      440291          1392
      482627            75
      851525          3291
     4192394          1910
     4194305             0

 Expanding storage from      4194303  to      8388606
  require       5304 words - either none left or not big  enough space
 free list: 

           0             0
       17929          3912
       33673          2280
       38401            18
      157195           720
      195148          1641
      268030          2122
      341534           168
      504800          1542
     1370546          3072
     1613726          1602
     1837856          1692
     3987464          3405
     5747519          2256
     8385527          3080
     8388608             0

 Expanding storage from      8388606  to     16777212
  require       7128 words - either none left or not big  enough space
 free list: 

           0             0
       21829            12
       35941            12
       38401            18
      150787          6408
      157879            36
      192280          2868
      196660           129
      270046           106
      341090           612
      502004          2796
      506312            30
     1365938          4608
     1373570            48
     1615274            54
     1839476            72
     5687096            39
     6045215          4473
     6190562          1466
     6770914           325
     9637079          2040
    16772747          4466
    16777214             0

 Expanding storage from     16777212  to     33554424
  require       5148 words - either none left or not big  enough space
 free list: 

           0             0
       21829            12
       35941            12
       38401            18
      155275          1920
      157879            36
      192280          2868
      196660           129
      270046           106
      341090           612
      502004          2796
      506312            30
     1370426           120
     1373570            48
     1615274            54
     1839476            72
     5687096            39
     6049193           495
     6190562          1466
     6770914           325
     9637079          2040
    33549341          5084
    33554426             0

 Expanding storage from     33554424  to     67108848
  require       5148 words - either none left or not big  enough space
 free list: 

           0             0
       21829            12
       35941            12
       38401            18
      155275          1920
      157879            36
      192280          2868
      196660           129
      270046           106
      341090           612
      502004          2796
      506312            30
     1370426           120
     1373570            48
     1615274            54
     1839476            72
     5687096            39
     6049193           495
     6190562          1466
     6770914           325
     9637079          2040
    67108019           830
    67108850             0

 Expanding storage from     67108848  to    134217696
 out of nodal space - allowed    10000 grids
    level    1 has       1 grids
    level    2 has       1 grids
    level    3 has       8 grids
    level    4 has     464 grids
    level    5 has    5673 grids
    level    6 has     264 grids
  Could need twice as many grids as on any given
  level if regridding/birecting
 Expanding maximum number of grids from        10000  to        20000
 out of nodal space - allowed    20000 grids
    level    1 has       1 grids
    level    2 has       1 grids
    level    3 has       8 grids
    level    4 has     464 grids
    level    5 has    5673 grids
    level    6 has     264 grids
  Could need twice as many grids as on any given
  level if regridding/birecting
 Expanding maximum number of grids from        20000  to        30000
 out of nodal space - allowed    30000 grids
    level    1 has       1 grids
    level    2 has       1 grids
    level    3 has       8 grids
    level    4 has     464 grids
    level    5 has    5673 grids
    level    6 has     264 grids
  Could need twice as many grids as on any given
  level if regridding/birecting
 Expanding maximum number of grids from        30000  to        40000
 out of nodal space - allowed    40000 grids
    level    1 has       1 grids
    level    2 has       1 grids
    level    3 has       8 grids
    level    4 has     464 grids
    level    5 has    5673 grids
    level    6 has     264 grids
  Could need twice as many grids as on any given
==> runclaw: Will take data from  /home/aila/clawpack_src/sulawesi_source_filter/geoclaw_output/fine_8.6/run_35
==> runclaw: Will write output to  /home/aila/clawpack_src/sulawesi_source_filter/geoclaw_output/fine_8.6/run_35/_output
==> runclaw: Removing all old fort/gauge files in  /home/aila/clawpack_src/sulawesi_source_filter/geoclaw_output/fine_8.6/run_35/_output

==> Running with command:
    /home/aila/clawpack_src/sulawesi_source_filter/geoclaw_output/fine_8.6/run_35/xgeoclaw
